1659976785138	geckodriver	INFO	Listening on 127.0.0.1:56978
1659976788204	mozrunner::runner	INFO	Running command: "C:\\Program Files\\Mozilla Firefox\\firefox.exe" "--marionette" "--remote-debugging-port" "56979" "--remote-allow-hosts" "localhost" "-no-remote" "-profile" "C:\\Users\\Andrei\\AppData\\Local\\Temp\\rust_mozprofilepbar3U"
1659976789139	Marionette	INFO	Marionette enabled
1659976789146	Marionette	INFO	Listening on port 56997
WebDriver BiDi listening on ws://localhost:56979
Read port: 56997
1659976789323	RemoteAgent	WARN	TLS certificate errors will be ignored for this session
console.warn: SearchSettings: "get: No settings file exists, new profile?" (new NotFoundError("Could not open the file at C:\\Users\\Andrei\\AppData\\Local\\Temp\\rust_mozprofilepbar3U\\search.json.mozlz4", (void 0)))
DevTools listening on ws://localhost:56979/devtools/browser/8435b68a-3aaf-4ad5-b2d2-f7f1d945cc38
JavaScript warning: https://stepik.azureedge.net/static/frontend-build/vendor.js?v=1659339237, line 6289: unreachable code after return statement
JavaScript error: https://stepik.azureedge.net/static/frontend-build/vendor.js?v=1659339237, line 6105: Error: Expected: '<assignment:568645>' to be present in the adapter provided payload, but it was not found.
1659976803288	Marionette	INFO	Stopped listening on port 56997
[Parent 15232, IPC I/O Parent] WARNING: file /builds/worker/checkouts/gecko/ipc/chromium/src/base/process_util_win.cc:167
console.warn: TopSitesFeed: Failed to fetch data from Contile server: NetworkError when attempting to fetch resource.
[Parent 15232, IPC I/O Parent] WARNING: file /builds/worker/checkouts/gecko/ipc/chromium/src/base/process_util_win.cc:167
1659977301629	geckodriver	INFO	Listening on 127.0.0.1:62097
1659977304621	mozrunner::runner	INFO	Running command: "C:\\Program Files\\Mozilla Firefox\\firefox.exe" "--marionette" "--remote-debugging-port" "62098" "--remote-allow-hosts" "localhost" "-no-remote" "-profile" "C:\\Users\\Andrei\\AppData\\Local\\Temp\\rust_mozprofileEU9BRz"
1659977305543	Marionette	INFO	Marionette enabled
1659977305552	Marionette	INFO	Listening on port 62114
WebDriver BiDi listening on ws://localhost:62098
Read port: 62114
1659977305731	RemoteAgent	WARN	TLS certificate errors will be ignored for this session
console.warn: SearchSettings: "get: No settings file exists, new profile?" (new NotFoundError("Could not open the file at C:\\Users\\Andrei\\AppData\\Local\\Temp\\rust_mozprofileEU9BRz\\search.json.mozlz4", (void 0)))
DevTools listening on ws://localhost:62098/devtools/browser/410d02f6-ca54-425d-bbdb-1318ab82782d
JavaScript error: http://selenium1py.pythonanywhere.com/ru/, line 374: ReferenceError: oscar is not defined
1659977310081	Marionette	INFO	Stopped listening on port 62114
